
> rentiq-gestion-v3@0.1.0 build
> node node_modules/next/dist/bin/next build

▲ Next.js 16.1.6 (Turbopack)

  Creating an optimized production build ...
✓ Compiled successfully in 1650.2ms
  Running TypeScript ...
  Collecting page data using 7 workers ...
  Generating static pages using 7 workers (0/35) ...
  Generating static pages using 7 workers (8/35) 
  Generating static pages using 7 workers (17/35) 
  Generating static pages using 7 workers (26/35) 
✓ Generating static pages using 7 workers (35/35) in 149.3ms
  Finalizing page optimization ...

Route (app)
┌ ○ /
├ ○ /_not-found
├ ƒ /api/audit
├ ƒ /api/audit-log
├ ƒ /api/backups/scheduled
├ ƒ /api/contratos/[contractId]/pdf
├ ƒ /api/contratos/preimpresion
├ ƒ /api/facturas/[invoiceId]/download
├ ƒ /api/facturas/[invoiceId]/pdf
├ ƒ /api/login
├ ƒ /api/logout
├ ƒ /api/reporting/contratos/export
├ ƒ /api/reporting/entregas/export
├ ƒ /api/reporting/facturas/conciliacion/export
├ ƒ /api/reporting/facturas/export
├ ƒ /api/reporting/gastos/export
├ ƒ /api/reporting/productividad/export
├ ƒ /api/reporting/recogidas/export
├ ƒ /api/reporting/vehiculos/export
├ ƒ /api/reservas/[reservationId]/confirmacion/download
├ ƒ /ayuda
├ ƒ /clientes
├ ƒ /configuracion
├ ƒ /contratos
├ ƒ /dashboard
├ ƒ /entregas
├ ƒ /facturacion
├ ƒ /gastos
├ ƒ /gestor
├ ƒ /login
├ ƒ /planning
├ ƒ /planning-completo
├ ƒ /plantillas
├ ƒ /recogidas
├ ƒ /reservas
├ ƒ /tarifas
└ ƒ /vehiculos


○  (Static)   prerendered as static content
ƒ  (Dynamic)  server-rendered on demand

